Step: step-credential-initializer-64n6s:

{"level":"warn","ts":1565725823.148515,"logger":"fallback-logger","caller":"logging/config.go:69","msg":"Fetch GitHub commit ID from kodata failed: \"ref: refs/heads/master\" is not a valid GitHub commit ID"}
{"level":"info","ts":1565725823.1489687,"logger":"fallback-logger","caller":"creds-init/main.go:40","msg":"Credentials initialized."}
Step: step-working-dir-initializer-j2wmr:

{"level":"warn","ts":1565725828.3633308,"logger":"fallback-logger","caller":"logging/config.go:69","msg":"Fetch GitHub commit ID from kodata failed: open /var/run/ko/HEAD: no such file or directory"}
{"level":"info","ts":1565725828.365275,"logger":"fallback-logger","caller":"bash/main.go:65","msg":"Successfully executed command \"mkdir -p /workspace/source /workspace/source/env\""}
Step: step-place-tools:

Step: step-git-source-********-environment-**-aks-pro-m9qt2:

{"level":"warn","ts":1565726029.5248592,"logger":"fallback-logger","caller":"logging/config.go:69","msg":"Fetch GitHub commit ID from kodata failed: \"ref: refs/heads/master\" is not a valid GitHub commit ID"}
{"level":"info","ts":1565726030.2412393,"logger":"fallback-logger","caller":"git/git.go:102","msg":"Successfully cloned https://github.com/********/environment-**-aks-production.git @ v0.0.15 in path /workspace/source"}
Step: step-git-merge:

WARNING: no SHAs to merge, falling back to initial cloned commit
Step: step-setup-**-git-credentials:

Generated Git credentials file /builder/home/git/credentials
Step: step-build-helm-apply:

Modified file /workspace/source/env/Chart.yaml to set the chart to version 3
Copying the helm source directory /workspace/source/env to a temporary location for building and applying /tmp/**-helm-apply-347102291/env
Applying helm chart at /tmp/**-helm-apply-347102291/env as release name ** to namespace **-production
WARNING: failed to create system vault in namespace ** due to could not find the system vault name in namespace "**"
verifying the helm requirements versions in dir: . using version stream URL:  and git ref: 
Deleting and cloning the Jenkins X versions repo
Cloning the Jenkins X versions repo https://github.com/jenkins-x/jenkins-x-versions.git with ref refs/heads/master to /builder/home/.**/jenkins-x-versions
Ignoring templates/.gitignore
Ignoring templates/certmanager.yml
Wrote chart values.yaml /tmp/**-helm-apply-347102291/env/values.yaml generated from directory tree
generated helm /tmp/**-helm-apply-347102291/env/values.yaml

PipelineSecrets:
  DockerConfig: '************************************************************************************************************'
cbcore:
  OperationsCenter:
    CSRF:
      ProxyCompatibility: true
    HostName: cbcore.aks.kearos.net
    Ingress:
      Annotations:
        certmanager.k8s.io/cluster-issuer: letsencrypt-prod
        kubernetes.io/ingress.class: nginx
        kubernetes.io/tls-acme: "false"
        nginx.ingress.kubernetes.io/app-root: https://$best_http_host/cjoc/teams-check/
        nginx.ingress.kubernetes.io/proxy-body-size: 50m
        nginx.ingress.kubernetes.io/proxy-request-buffering: "off"
        nginx.ingress.kubernetes.io/ssl-redirect: "true"
      tls:
        Enable: true
        Host: cbcore.aks.kearos.net
        SecretName: tls-cbcore-aks-kearos-net
    ServiceType: ClusterIP
  nginx-ingress:
    Enabled: false
cleanup:
  Annotations:
    helm.sh/hook: pre-delete
    helm.sh/hook-delete-policy: hook-succeeded
  Args:
  - --cleanup
controllerbuild:
  enabled: true
controllerworkflow:
  enabled: false
dockerRegistry: acctestaks1.azurecr.io
expose:
  Annotations:
    helm.sh/hook: post-install,post-upgrade
    helm.sh/hook-delete-policy: hook-succeeded
  Args:
  - --v
  - 4
  config:
    domain: aks.kearos.net
    exposer: Ingress
    http: "true"
  enabled: false
jenkins:
  Servers:
    Global:
      EnvVars:
        TILLER_NAMESPACE: kube-system
  enabled: false
prow: {}

Using values files: /tmp/**-helm-apply-347102291/env/values.yaml
WARNING: No $CHART_REPOSITORY defined so using the default value of: http://jenkins-x-chartmuseum:8080
Adding missing Helm repo: storage.googleapis.com https://storage.googleapis.com/chartmuseum.jenkins-x.io
Successfully added Helm repository storage.googleapis.com.
Adding missing Helm repo: jenkins-x-chartmuseum http://jenkins-x-chartmuseum:8080
Successfully added Helm repository jenkins-x-chartmuseum.
WARNING: No $CHART_REPOSITORY defined so using the default value of: http://jenkins-x-chartmuseum:8080
Adding missing Helm repo: chartmuseum.jenkins-x.io http://chartmuseum.jenkins-x.io
Successfully added Helm repository chartmuseum.jenkins-x.io.
Adding missing Helm repo: raw.githubusercontent.com https://raw.githubusercontent.com/********/helm-repo/master/
Successfully added Helm repository raw.githubusercontent.com.
Applying Apps chart overrides
Applying chart overrides
error: upgrading helm chart '.': failed to run 'kubectl apply --recursive -f /tmp/helm-template-workdir-501781304/**/output/namespaces/cert-manager -l jenkins.io/chart-release=** --namespace cert-manager --wait --validate=false' command in directory '/tmp/**-helm-apply-347102291/env', output: 'Error from server (NotFound): error when creating "/tmp/helm-template-workdir-501781304/**/output/namespaces/cert-manager/env/charts/certmanager/templates/part127-certmanager.yaml": namespaces "cert-manager" not found
Error from server (NotFound): error when creating "/tmp/helm-template-workdir-501781304/**/output/namespaces/cert-manager/env/charts/certmanager/templates/part17179869183-certmanager.yaml": namespaces "cert-manager" not found
Error from server (NotFound): error when creating "/tmp/helm-template-workdir-501781304/**/output/namespaces/cert-manager/env/charts/certmanager/templates/part2147483647-certmanager.yaml": namespaces "cert-manager" not found
Error from server (NotFound): error when creating "/tmp/helm-template-workdir-501781304/**/output/namespaces/cert-manager/env/charts/certmanager/templates/part255-certmanager.yaml": namespaces "cert-manager" not found
Error from server (NotFound): error when creating "/tmp/helm-template-workdir-501781304/**/output/namespaces/cert-manager/env/charts/certmanager/templates/part4294967295-certmanager.yaml": namespaces "cert-manager" not found
Error from server (NotFound): error when creating "/tmp/helm-template-workdir-501781304/**/output/namespaces/cert-manager/env/charts/certmanager/templates/part511-certmanager.yaml": namespaces "cert-manager" not found
Error from server (NotFound): error when creating "/tmp/helm-template-workdir-501781304/**/output/namespaces/cert-manager/env/charts/certmanager/templates/part8589934591-certmanager.yaml": namespaces "cert-manager" not found
[unable to recognize "/tmp/helm-template-workdir-501781304/**/output/namespaces/cert-manager/env/charts/certmanager/templates/part137438953471-certmanager.yaml": no matches for kind "Certificate" in version "certmanager.k8s.io/v1alpha1", unable to recognize "/tmp/helm-template-workdir-501781304/**/output/namespaces/cert-manager/env/charts/certmanager/templates/part274877906943-certmanager.yaml": no matches for kind "Issuer" in version "certmanager.k8s.io/v1alpha1", unable to recognize "/tmp/helm-template-workdir-501781304/**/output/namespaces/cert-manager/env/charts/certmanager/templates/part549755813887-certmanager.yaml": no matches for kind "Certificate" in version "certmanager.k8s.io/v1alpha1", unable to recognize "/tmp/helm-template-workdir-501781304/**/output/namespaces/cert-manager/env/charts/certmanager/templates/part68719476735-certmanager.yaml": no matches for kind "Issuer" in version "certmanager.k8s.io/v1alpha1"]'
